<?xml version="1.0" encoding="UTF-8"?>
<!-- Generated by org.testng.reporters.JUnitReportReporter -->
<testsuite hostname="CS-VEC004-W7" name="com.cs.test.SeleniumTest" tests="1" failures="0" timestamp="22 Nov 2016 06:52:34 GMT" time="0.005" errors="1">
  <testcase name="test" time="0.005" classname="com.cs.test.SeleniumTest">
    <error type="org.testng.TestNGException" message="
Parameter &#039;xmlPath&#039; is required by @Configuration on method beforeTest but has not been marked @Optional or defined
in D:\new_git\MasterSelenium\MasterSelenium\testNG.xml">
      <![CDATA[org.testng.TestNGException: 
Parameter 'xmlPath' is required by @Configuration on method beforeTest but has not been marked @Optional or defined
in D:\new_git\MasterSelenium\MasterSelenium\testNG.xml
	at org.testng.internal.Parameters.createParameters(Parameters.java:156)
	at org.testng.internal.Parameters.createParameters(Parameters.java:363)
	at org.testng.internal.Parameters.createConfigurationParameters(Parameters.java:86)
	at org.testng.internal.Invoker.invokeConfigurations(Invoker.java:202)
	at org.testng.internal.Invoker.invokeConfigurations(Invoker.java:143)
	at org.testng.TestRunner.beforeRun(TestRunner.java:624)
	at org.testng.TestRunner.run(TestRunner.java:592)
	at org.testng.SuiteRunner.runTest(SuiteRunner.java:366)
	at org.testng.SuiteRunner.access$000(SuiteRunner.java:39)
	at org.testng.SuiteRunner$SuiteWorker.run(SuiteRunner.java:400)
	at org.testng.internal.thread.ThreadUtil$2.call(ThreadUtil.java:64)
	at java.util.concurrent.FutureTask.run(FutureTask.java:266)
	at java.util.concurrent.ThreadPoolExecutor.runWorker(ThreadPoolExecutor.java:1142)
	at java.util.concurrent.ThreadPoolExecutor$Worker.run(ThreadPoolExecutor.java:617)
	at java.lang.Thread.run(Thread.java:745)
]]>
    </error>
  </testcase> <!-- test -->
</testsuite> <!-- com.cs.test.SeleniumTest -->
