<?xml version="1.0" encoding="UTF-8"?>
<!-- Generated by org.testng.reporters.JUnitXMLReporter -->
<testsuite hostname="CS-VEC004-W7" name="ChromeTest" tests="1" failures="0" timestamp="22 Nov 2016 07:39:41 GMT" time="0.05" errors="0">
  <testcase name="@BeforeTest beforeTest" time="0.0" classname="com.cs.test.SeleniumTest">
    <failure type="org.testng.TestNGException" message="
Parameter &amp;apos;xmlPath&amp;apos; is required by @Configuration on method beforeTest but has not been marked @Optional or defined
in D:\new_git\MasterSelenium\MasterSelenium\testNG.xml">
      <![CDATA[org.testng.TestNGException: 
Parameter 'xmlPath' is required by @Configuration on method beforeTest but has not been marked @Optional or defined
in D:\new_git\MasterSelenium\MasterSelenium\testNG.xml
	at java.util.concurrent.FutureTask.run(FutureTask.java:266)
	at java.util.concurrent.ThreadPoolExecutor.runWorker(ThreadPoolExecutor.java:1142)
	at java.util.concurrent.ThreadPoolExecutor$Worker.run(ThreadPoolExecutor.java:617)
	at java.lang.Thread.run(Thread.java:745)
... Removed 11 stack frames]]>
    </failure>
  </testcase> <!-- @BeforeTest beforeTest -->
  <testcase name="@AfterTest afterTest" time="0.0" classname="com.cs.test.SeleniumTest">
    <skipped/>
  </testcase> <!-- @AfterTest afterTest -->
  <testcase name="test" time="0.004" classname="com.cs.test.SeleniumTest">
    <skipped/>
  </testcase> <!-- test -->
</testsuite> <!-- ChromeTest -->
