<?xml version="1.0" encoding="UTF-8"?>
<!-- Generated by org.testng.reporters.JUnitXMLReporter -->
<testsuite hostname="CS-VEC004-W7" name="chrome_jazz" tests="2" failures="1" timestamp="2 Dec 2016 07:09:01 GMT" time="61.781" errors="0">
  <testcase name="register" time="34.886" classname="com.cs.test.JazzTest"/>
  <testcase name="isSuccess" time="20.973" classname="com.cs.test.JazzTest">
    <failure type="java.lang.AssertionError" message="expected [true] but found [false]">
      <![CDATA[java.lang.AssertionError: expected [true] but found [false]
	at com.cs.test.JazzTest.isSuccess(JazzTest.java:23)
... Removed 29 stack frames]]>
    </failure>
  </testcase> <!-- isSuccess -->
</testsuite> <!-- chrome_jazz -->
