<?xml version="1.0" encoding="UTF-8"?>
<!-- Generated by org.testng.reporters.JUnitXMLReporter -->
<testsuite hostname="CS-VEC004-W7" name="chrome_reigister1" tests="1" failures="1" timestamp="2 Dec 2016 09:15:51 GMT" time="27.061" errors="0">
  <testcase name="register" time="22.276" classname="com.cs.test.JazzTest">
    <failure type="com.cs.exception.ParseResultException" message="Form data are wrong">
      <![CDATA[com.cs.exception.ParseResultException: Form data are wrong
	at com.cs.interaction.RegisterInteraction.isRedirectSuccess(RegisterInteraction.java:63)
	at com.cs.test.JazzTest.register(JazzTest.java:19)
Caused by: org.openqa.selenium.TimeoutException: Timed out after 3 seconds waiting for element ([[RemoteWebDriver: chrome on XP (60a5e05e-7a9f-4090-a000-c0a1bb2a6e9c)] -> id: NC_CHECK_EMAIL]) to become stale
Build info: version: '2.44.0', revision: '76d78cf323ce037c5f92db6c1bba601c2ac43ad8', time: '2014-10-23 13:11:40'
System info: host: 'CS-VEC004-W7', ip: '10.222.48.46', os.name: 'Windows 7', os.arch: 'amd64', os.version: '6.1', java.version: '1.8.0_73'
Driver info: org.openqa.selenium.remote.RemoteWebDriver
Capabilities [{applicationCacheEnabled=false, rotatable=false, networkConnectionEnabled=false, mobileEmulationEnabled=false, chrome={chromedriverVersion=2.25.426923 (0390b88869384d6eb0d5d09729679f934aab9eed), userDataDir=C:\Users\ZENGEL\AppData\Local\Temp\scoped_dir11024_17190}, takesHeapSnapshot=true, pageLoadStrategy=normal, databaseEnabled=false, handlesAlerts=true, hasTouchScreen=false, version=54.0.2840.87, platform=XP, browserConnectionEnabled=false, nativeEvents=true, acceptSslCerts=true, webdriver.remote.sessionid=60a5e05e-7a9f-4090-a000-c0a1bb2a6e9c, locationContextEnabled=true, webStorageEnabled=true, browserName=chrome, takesScreenshot=true, javascriptEnabled=true, cssSelectorsEnabled=true}]
Session ID: 60a5e05e-7a9f-4090-a000-c0a1bb2a6e9c
	at org.openqa.selenium.support.ui.WebDriverWait.timeoutException(WebDriverWait.java:80)
	at org.openqa.selenium.support.ui.FluentWait.until(FluentWait.java:229)
	at com.cs.interaction.RegisterInteraction.isRedirectSuccess(RegisterInteraction.java:58)
	... 26 more
... Removed 25 stack frames]]>
    </failure>
  </testcase> <!-- register -->
</testsuite> <!-- chrome_reigister1 -->
